build/app/outputs/mapping/release/seeds.txt
com.example.febankflutter.MainActivity
com.example.febankflutter.MainActivity: MainActivity()
...
android.support.v4.media.MediaBrowserCompat$SearchResultReceiver
android.support.v4.graphics.drawable.IconCompatParcelizer
androidx.appcompat.widget.DialogTitle
androidx.window.layout.SidecarCompat$DistinctSidecarElementCallback
io.flutter.view.TextureRegistry$SurfaceProducer
androidx.core.app.RemoteActionCompatParcelizer
com.dexterous.flutterlocalnotifications.models.Time
androidx.activity.result.ActivityResultRegistry$1
androidx.lifecycle.LiveData$LifecycleBoundObserver
com.dexterous.flutterlocalnotifications.models.NotificationChannelDetails
androidx.appcompat.view.menu.ActionMenuItemView
android.support.v4.media.AudioAttributesImplBaseParcelizer
android.support.v4.media.AudioAttributesCompatParcelizer
io.flutter.embedding.engine.mutatorsstack.FlutterMutatorsStack
com.dexterous.flutterlocalnotifications.FlutterLocalNotificationsPlugin
androidx.biometric.BiometricPrompt$ResetCallbackObserver
androidx.test.annotation.UiThreadTest
androidx.media.AudioAttributesImplApi26
androidx.appcompat.widget.SearchView
androidx.media.AudioAttributesImpl
io.flutter.view.TextureRegistry$SurfaceTextureEntry
io.flutter.plugin.platform.SingleViewPresentation
org.xmlpull.v1.XmlPullParser
io.flutter.embedding.engine.renderer.SurfaceTextureWrapper
kotlin.internal.jdk7.JDK7PlatformImplementations
io.flutter.embedding.engine.FlutterOverlaySurface
io.flutter.view.TextureRegistry$ImageTextureEntry
com.dexterous.flutterlocalnotifications.models.styles.InboxStyleInformation
io.flutter.embedding.engine.plugins.lifecycle.HiddenLifecycleReference
android.support.v4.media.MediaBrowserCompat$MediaItem
com.dexterous.flutterlocalnotifications.models.NotificationChannelGroupDetails
io.flutter.plugin.editing.ImeSyncDeferringInsetsCallback$AnimationCallback
androidx.fragment.app.Fragment$6
androidx.fragment.app.DialogFragment
android.support.v4.media.session.PlaybackStateCompat$CustomAction
io.flutter.embedding.engine.renderer.FlutterRenderer$ImageTextureRegistryEntry
androidx.appcompat.view.menu.ExpandedMenuView
androidx.biometric.BiometricFragment
androidx.profileinstaller.ProfileInstallReceiver
com.dexterous.flutterlocalnotifications.ActionBroadcastReceiver
androidx.appcompat.widget.FitWindowsLinearLayout
com.dexterous.flutterlocalnotifications.models.SoundSource
android.support.v4.media.AudioAttributesImplApi26Parcelizer
androidx.window.layout.SidecarCompat$TranslatingCallback
com.dexterous.flutterlocalnotifications.ScheduledNotificationReceiver
io.flutter.view.AccessibilityViewEmbedder
androidx.media.AudioAttributesImplApi21
io.flutter.plugins.GeneratedPluginRegistrant
androidx.appcompat.widget.FitWindowsFrameLayout
com.dexterous.flutterlocalnotifications.models.BitmapSource
android.support.v4.media.session.MediaSessionCompat$QueueItem
androidx.media.AudioAttributesImplApi26Parcelizer
com.dexterous.flutterlocalnotifications.RuntimeTypeAdapterFactory
androidx.core.app.RemoteActionCompat
android.support.v4.media.MediaMetadataCompat
androidx.lifecycle.CompositeGeneratedAdaptersObserver
io.flutter.view.TextureRegistry$ImageConsumer
android.support.v4.media.session.MediaControllerCompat$MediaControllerImplApi21$ExtraBinderRequestResultReceiver
androidx.lifecycle.DefaultLifecycleObserver
com.dexterous.flutterlocalnotifications.models.styles.DefaultStyleInformation
androidx.appcompat.view.menu.ListMenuItemView
androidx.activity.ComponentActivity$4
com.dexterous.flutterlocalnotifications.models.ScheduleMode
androidx.core.graphics.drawable.IconCompat
io.flutter.embedding.engine.renderer.FlutterRenderer$ImageReaderSurfaceProducer
androidx.core.widget.NestedScrollView
android.support.v4.media.AudioAttributesImplApi21Parcelizer
androidx.appcompat.widget.ViewStubCompat
com.dexterous.flutterlocalnotifications.models.PersonDetails
androidx.appcompat.widget.ActivityChooserView$InnerLayout
com.dexterous.flutterlocalnotifications.models.RepeatInterval
io.flutter.plugins.localauth.AuthenticationHelper
kotlinx.coroutines.internal.StackTraceRecoveryKt