build/app/outputs/mapping/release/mapping.txt
# compiler: R8
# compiler_version: 3.3.70
# min_api: 21
# common_typos_disable
# {"id":"com.android.tools.r8.mapping","version":"2.0"}
# pg_map_id: 33b4025
# pg_map_hash: SHA-256 33b40259684ff59c98ebb5ba997569a12a19b0215004e67f464b9329072ce441
...
io.flutter.view.TextureRegistry$SurfaceTextureEntry$-CC -> io.flutter.view.p:
# {"id":"sourceFile","fileName":"R8$$SyntheticClass"}
# {"id":"com.android.tools.r8.synthesized"}
    void $default$setOnFrameConsumedListener(io.flutter.view.TextureRegistry$SurfaceTextureEntry,io.flutter.view.TextureRegistry$OnFrameConsumedListener) -> a
      # {"id":"com.android.tools.r8.synthesized"}
    void $default$setOnTrimMemoryListener(io.flutter.view.TextureRegistry$SurfaceTextureEntry,io.flutter.view.TextureRegistry$OnTrimMemoryListener) -> b
      # {"id":"com.android.tools.r8.synthesized"}
io.flutter.view.VsyncWaiter -> io.flutter.view.q:
    io.flutter.view.VsyncWaiter$DisplayListener listener -> f
    io.flutter.embedding.engine.FlutterJNI flutterJNI -> b
    io.flutter.view.VsyncWaiter instance -> e
    io.flutter.view.VsyncWaiter$FrameCallback frameCallback -> c
    long refreshPeriodNanos -> a
    io.flutter.embedding.engine.FlutterJNI$AsyncWaitForVsyncDelegate asyncWaitForVsyncDelegate -> d
    long access$000(io.flutter.view.VsyncWaiter) -> a
    long access$002(io.flutter.view.VsyncWaiter,long) -> b
    io.flutter.embedding.engine.FlutterJNI access$100(io.flutter.view.VsyncWaiter) -> c
    io.flutter.view.VsyncWaiter$FrameCallback access$200(io.flutter.view.VsyncWaiter) -> d
    io.flutter.view.VsyncWaiter$FrameCallback access$202(io.flutter.view.VsyncWaiter,io.flutter.view.VsyncWaiter$FrameCallback) -> e
    io.flutter.view.VsyncWaiter getInstance(android.hardware.display.DisplayManager,io.flutter.embedding.engine.FlutterJNI) -> f
    void init() -> g
io.flutter.view.VsyncWaiter$1 -> io.flutter.view.q$a:
    io.flutter.view.VsyncWaiter this$0 -> a
    void asyncWaitForVsync(long) -> a
    android.view.Choreographer$FrameCallback obtainFrameCallback(long) -> b
io.flutter.view.VsyncWaiter$DisplayListener -> io.flutter.view.q$b:
    android.hardware.display.DisplayManager displayManager -> a
    io.flutter.view.VsyncWaiter this$0 -> b
    void register() -> a
io.flutter.view.VsyncWaiter$FrameCallback -> io.flutter.view.q$c:
    long cookie -> a
    io.flutter.view.VsyncWaiter this$0 -> b
    long access$302(io.flutter.view.VsyncWaiter$FrameCallback,long) -> a
io.github.ponnamkarthik.toast.fluttertoast.FlutterToastPlugin -> z1.a:
    io.flutter.plugin.common.MethodChannel channel -> a
    void setupChannel(io.flutter.plugin.common.BinaryMessenger,android.content.Context) -> a
    void teardownChannel() -> b
io.github.ponnamkarthik.toast.fluttertoast.MethodCallHandlerImpl -> z1.d:
    android.content.Context context -> a
    android.widget.Toast mToast -> b
    void $r8$lambda$c_dkb8BCq9M_P_SZNeufT732LAo(io.github.ponnamkarthik.toast.fluttertoast.MethodCallHandlerImpl) -> a
      # {"id":"com.android.tools.r8.synthesized"}
    void access$setMToast$p(io.github.ponnamkarthik.toast.fluttertoast.MethodCallHandlerImpl,android.widget.Toast) -> b
    void onMethodCall$lambda-0(io.github.ponnamkarthik.toast.fluttertoast.MethodCallHandlerImpl) -> c
io.github.ponnamkarthik.toast.fluttertoast.MethodCallHandlerImpl$$ExternalSyntheticApiModelOutline0 -> z1.b:
# {"id":"sourceFile","fileName":"R8$$SyntheticClass"}
# {"id":"com.android.tools.r8.synthesized"}
    void io.github.ponnamkarthik.toast.fluttertoast.MethodCallHandlerImpl$$InternalSyntheticApiModelOutline$2$651881769a0fbc054131f4869781979806d11692747ba542d4a7a39d482ff464$1.m(android.widget.Toast,android.widget.Toast$Callback) -> a
      # {"id":"com.android.tools.r8.synthesized"}