build/app/outputs/mapping/release/usage.txt
com.example.febankflutter.BuildConfig
com.example.febankflutter.R$anim
com.example.febankflutter.R$animator
com.example.febankflutter.R$array
com.example.febankflutter.R$attr
com.example.febankflutter.R$bool
com.example.febankflutter.R$color
com.example.febankflutter.R$dimen
com.example.febankflutter.R$drawable
com.example.febankflutter.R$id
com.example.febankflutter.R$integer
com.example.febankflutter.R$interpolator
com.example.febankflutter.R$layout
com.example.febankflutter.R$mipmap
com.example.febankflutter.R$string
com.example.febankflutter.R$style
com.example.febankflutter.R$styleable
com.example.febankflutter.R
...
com.google.common.collect.Maps$TransformedEntriesNavigableMap
com.google.common.collect.Maps$TransformedEntriesSortedMap
com.google.common.collect.Maps$UnmodifiableBiMap
com.google.common.collect.Maps$UnmodifiableEntries
com.google.common.collect.Maps$UnmodifiableEntrySet
com.google.common.collect.Maps$UnmodifiableNavigableMap
com.google.common.collect.Maps$ValueDifferenceImpl
com.google.common.collect.Maps$Values
com.google.common.collect.Maps$ViewCachingAbstractMap
com.google.common.collect.Maps
com.google.common.collect.MinMaxPriorityQueue$1
com.google.common.collect.MinMaxPriorityQueue$Builder
com.google.common.collect.MinMaxPriorityQueue$Heap
com.google.common.collect.MinMaxPriorityQueue$MoveDesc
com.google.common.collect.MinMaxPriorityQueue$QueueIterator
com.google.common.collect.MinMaxPriorityQueue
com.google.common.collect.Multimap
com.google.common.collect.MultimapBuilder$1
com.google.common.collect.MultimapBuilder$2
com.google.common.collect.MultimapBuilder$3
com.google.common.collect.MultimapBuilder$4
com.google.common.collect.MultimapBuilder$ArrayListSupplier
com.google.common.collect.MultimapBuilder$EnumSetSupplier
com.google.common.collect.MultimapBuilder$HashSetSupplier
com.google.common.collect.MultimapBuilder$LinkedHashSetSupplier
com.google.common.collect.MultimapBuilder$LinkedListSupplier
com.google.common.collect.MultimapBuilder$ListMultimapBuilder
com.google.common.collect.MultimapBuilder$MultimapBuilderWithKeys$1
com.google.common.collect.MultimapBuilder$MultimapBuilderWithKeys$2
com.google.common.collect.MultimapBuilder$MultimapBuilderWithKeys$3
com.google.common.collect.MultimapBuilder$MultimapBuilderWithKeys$4
com.google.common.collect.MultimapBuilder$MultimapBuilderWithKeys$5
com.google.common.collect.MultimapBuilder$MultimapBuilderWithKeys$6
com.google.common.collect.MultimapBuilder$MultimapBuilderWithKeys
com.google.common.collect.MultimapBuilder$SetMultimapBuilder
com.google.common.collect.MultimapBuilder$SortedSetMultimapBuilder
com.google.common.collect.MultimapBuilder$TreeSetSupplier
com.google.common.collect.MultimapBuilder
com.google.common.collect.Multimaps$AsMap$EntrySet$1
com.google.common.collect.Multimaps$AsMap$EntrySet
com.google.common.collect.Multimaps$AsMap
com.google.common.collect.Multimaps$CustomListMultimap
com.google.common.collect.Multimaps$CustomMultimap
com.google.common.collect.Multimaps$CustomSetMultimap
com.google.common.collect.Multimaps$CustomSortedSetMultimap
com.google.common.collect.Multimaps$Entries
com.google.common.collect.Multimaps$Keys$1$1
com.google.common.collect.Multimaps$Keys$1
com.google.common.collect.Multimaps$Keys
com.google.common.collect.Multimaps$MapMultimap$1$1
com.google.common.collect.Multimaps$MapMultimap$1
com.google.common.collect.Multimaps$MapMultimap
com.google.common.collect.Multimaps$TransformedEntriesListMultimap
com.google.common.collect.Multimaps$TransformedEntriesMultimap$1
com.google.common.collect.Multimaps$TransformedEntriesMultimap
com.google.common.collect.Multimaps$UnmodifiableListMultimap
com.google.common.collect.Multimaps$UnmodifiableMultimap$1
com.google.common.collect.Multimaps$UnmodifiableMultimap
com.google.common.collect.Multimaps$UnmodifiableSetMultimap
com.google.common.collect.Multimaps$UnmodifiableSortedSetMultimap
com.google.common.collect.Multimaps
com.google.common.collect.Multiset$Entry
com.google.common.collect.Multiset
com.google.common.collect.Multisets$1$1
com.google.common.collect.Multisets$1
com.google.common.collect.Multisets$2$1
com.google.common.collect.Multisets$2
com.google.common.collect.Multisets$3$1
com.google.common.collect.Multisets$3
com.google.common.collect.Multisets$4$1
com.google.common.collect.Multisets$4$2
com.google.common.collect.Multisets$4
com.google.common.collect.Multisets$5
com.google.common.collect.Multisets$AbstractEntry
com.google.common.collect.Multisets$DecreasingCount
com.google.common.collect.Multisets$ElementSet
com.google.common.collect.Multisets$EntrySet